<?xml version="1.0" encoding="UTF-8"?>
<coverage generated="1762671537981" clover="3.2.0">
  <project timestamp="1762671537981" name="All files">
    <metrics statements="79" coveredstatements="75" conditionals="49" coveredconditionals="46" methods="36" coveredmethods="36" elements="164" coveredelements="157" complexity="0" loc="79" ncloc="79" packages="7" files="8" classes="8"/>
    <package name="components.BookFilter">
      <metrics statements="4" coveredstatements="4" conditionals="2" coveredconditionals="2" methods="3" coveredmethods="3"/>
      <file name="BookFilter.jsx" path="D:\SEMESTER 5\pemrograman_web_itera_123140151\pemrograman_web_itera_123140151\hildyah_123140151_pertemuan3\vite-project\src\components\BookFilter\BookFilter.jsx">
        <metrics statements="4" coveredstatements="4" conditionals="2" coveredconditionals="2" methods="3" coveredmethods="3"/>
        <line num="9" count="14" type="stmt"/>
        <line num="16" count="14" type="stmt"/>
        <line num="19" count="56" type="stmt"/>
        <line num="21" count="7" type="stmt"/>
      </file>
    </package>
    <package name="components.BookForm">
      <metrics statements="30" coveredstatements="27" conditionals="31" coveredconditionals="29" methods="7" coveredmethods="7"/>
      <file name="BookForm.jsx" path="D:\SEMESTER 5\pemrograman_web_itera_123140151\pemrograman_web_itera_123140151\hildyah_123140151_pertemuan3\vite-project\src\components\BookForm\BookForm.jsx">
        <metrics statements="30" coveredstatements="27" conditionals="31" coveredconditionals="29" methods="7" coveredmethods="7"/>
        <line num="5" count="1" type="stmt"/>
        <line num="13" count="48" type="stmt"/>
        <line num="14" count="48" type="stmt"/>
        <line num="15" count="48" type="stmt"/>
        <line num="18" count="48" type="stmt"/>
        <line num="19" count="7" type="cond" truecount="2" falsecount="0"/>
        <line num="20" count="2" type="stmt"/>
        <line num="26" count="5" type="stmt"/>
        <line num="28" count="7" type="stmt"/>
        <line num="35" count="48" type="stmt"/>
        <line num="36" count="3" type="stmt"/>
        <line num="37" count="3" type="cond" truecount="2" falsecount="0"/>
        <line num="38" count="3" type="cond" truecount="2" falsecount="0"/>
        <line num="39" count="3" type="cond" truecount="1" falsecount="1"/>
        <line num="40" count="0" type="stmt"/>
        <line num="42" count="3" type="stmt"/>
        <line num="43" count="3" type="stmt"/>
        <line num="49" count="48" type="stmt"/>
        <line num="50" count="3" type="stmt"/>
        <line num="51" count="3" type="cond" truecount="2" falsecount="0"/>
        <line num="53" count="1" type="cond" truecount="1" falsecount="1"/>
        <line num="54" count="0" type="stmt"/>
        <line num="55" count="0" type="stmt"/>
        <line num="57" count="1" type="stmt"/>
        <line num="58" count="1" type="stmt"/>
        <line num="63" count="48" type="stmt"/>
        <line num="69" count="48" type="stmt"/>
        <line num="99" count="18" type="stmt"/>
        <line num="121" count="11" type="stmt"/>
        <line num="142" count="2" type="stmt"/>
      </file>
    </package>
    <package name="components.BookItem">
      <metrics statements="10" coveredstatements="10" conditionals="2" coveredconditionals="2" methods="4" coveredmethods="4"/>
      <file name="BookItem.jsx" path="D:\SEMESTER 5\pemrograman_web_itera_123140151\pemrograman_web_itera_123140151\hildyah_123140151_pertemuan3\vite-project\src\components\BookItem\BookItem.jsx">
        <metrics statements="10" coveredstatements="10" conditionals="2" coveredconditionals="2" methods="4" coveredmethods="4"/>
        <line num="11" count="31" type="stmt"/>
        <line num="14" count="31" type="stmt"/>
        <line num="15" count="1" type="stmt"/>
        <line num="20" count="1" type="stmt"/>
        <line num="24" count="31" type="stmt"/>
        <line num="45" count="31" type="stmt"/>
        <line num="47" count="31" type="stmt"/>
        <line num="67" count="1" type="stmt"/>
        <line num="84" count="3" type="cond" truecount="2" falsecount="0"/>
        <line num="85" count="2" type="stmt"/>
      </file>
    </package>
    <package name="components.BookList">
      <metrics statements="4" coveredstatements="4" conditionals="8" coveredconditionals="7" methods="2" coveredmethods="2"/>
      <file name="BookList.jsx" path="D:\SEMESTER 5\pemrograman_web_itera_123140151\pemrograman_web_itera_123140151\hildyah_123140151_pertemuan3\vite-project\src\components\BookList\BookList.jsx">
        <metrics statements="4" coveredstatements="4" conditionals="8" coveredconditionals="7" methods="2" coveredmethods="2"/>
        <line num="12" count="6" type="cond" truecount="4" falsecount="0"/>
        <line num="13" count="2" type="stmt"/>
        <line num="26" count="4" type="stmt"/>
        <line num="29" count="12" type="stmt"/>
      </file>
    </package>
    <package name="components.SearchBar">
      <metrics statements="2" coveredstatements="2" conditionals="0" coveredconditionals="0" methods="2" coveredmethods="2"/>
      <file name="SearchBar.jsx" path="D:\SEMESTER 5\pemrograman_web_itera_123140151\pemrograman_web_itera_123140151\hildyah_123140151_pertemuan3\vite-project\src\components\SearchBar\SearchBar.jsx">
        <metrics statements="2" coveredstatements="2" conditionals="0" coveredconditionals="0" methods="2" coveredmethods="2"/>
        <line num="10" count="8" type="stmt"/>
        <line num="20" count="13" type="stmt"/>
      </file>
    </package>
    <package name="context">
      <metrics statements="12" coveredstatements="12" conditionals="4" coveredconditionals="4" methods="10" coveredmethods="10"/>
      <file name="BookContext.jsx" path="D:\SEMESTER 5\pemrograman_web_itera_123140151\pemrograman_web_itera_123140151\hildyah_123140151_pertemuan3\vite-project\src\context\BookContext.jsx">
        <metrics statements="12" coveredstatements="12" conditionals="4" coveredconditionals="4" methods="10" coveredmethods="10"/>
        <line num="5" count="4" type="stmt"/>
        <line num="8" count="40" type="stmt"/>
        <line num="19" count="40" type="stmt"/>
        <line num="20" count="2" type="stmt"/>
        <line num="28" count="40" type="stmt"/>
        <line num="29" count="6" type="cond" truecount="2" falsecount="0"/>
        <line num="36" count="40" type="stmt"/>
        <line num="37" count="9" type="stmt"/>
        <line num="40" count="40" type="stmt"/>
        <line num="52" count="88" type="stmt"/>
        <line num="53" count="88" type="cond" truecount="2" falsecount="0"/>
        <line num="54" count="86" type="stmt"/>
      </file>
    </package>
    <package name="hooks">
      <metrics statements="17" coveredstatements="16" conditionals="2" coveredconditionals="2" methods="8" coveredmethods="8"/>
      <file name="useBookStats.js" path="D:\SEMESTER 5\pemrograman_web_itera_123140151\pemrograman_web_itera_123140151\hildyah_123140151_pertemuan3\vite-project\src\hooks\useBookStats.js">
        <metrics statements="6" coveredstatements="6" conditionals="0" coveredconditionals="0" methods="5" coveredmethods="5"/>
        <line num="10" count="13" type="stmt"/>
        <line num="11" count="11" type="stmt"/>
        <line num="12" count="119" type="stmt"/>
        <line num="13" count="119" type="stmt"/>
        <line num="14" count="119" type="stmt"/>
        <line num="16" count="11" type="stmt"/>
      </file>
      <file name="useLocalStorage.js" path="D:\SEMESTER 5\pemrograman_web_itera_123140151\pemrograman_web_itera_123140151\hildyah_123140151_pertemuan3\vite-project\src\hooks\useLocalStorage.js">
        <metrics statements="11" coveredstatements="10" conditionals="2" coveredconditionals="2" methods="3" coveredmethods="3"/>
        <line num="11" count="49" type="stmt"/>
        <line num="12" count="37" type="stmt"/>
        <line num="13" count="37" type="stmt"/>
        <line num="14" count="37" type="cond" truecount="2" falsecount="0"/>
        <line num="16" count="1" type="stmt"/>
        <line num="17" count="1" type="stmt"/>
        <line num="22" count="49" type="stmt"/>
        <line num="23" count="47" type="stmt"/>
        <line num="24" count="47" type="stmt"/>
        <line num="26" count="0" type="stmt"/>
        <line num="30" count="49" type="stmt"/>
      </file>
    </package>
  </project>
</coverage>
