{"D:\\SEMESTER 5\\pemrograman_web_itera_123140151\\pemrograman_web_itera_123140151\\hildyah_123140151_pertemuan3\\vite-project\\src\\components\\BookFilter\\BookFilter.jsx": {"path":"D:\\SEMESTER 5\\pemrograman_web_itera_123140151\\pemrograman_web_itera_123140151\\hildyah_123140151_pertemuan3\\vite-project\\src\\components\\BookFilter\\BookFilter.jsx","statementMap":{"0":{"start":{"line":9,"column":18},"end":{"line":14,"column":null}},"1":{"start":{"line":16,"column":2},"end":{"line":33,"column":null}},"2":{"start":{"line":19,"column":8},"end":{"line":31,"column":null}},"3":{"start":{"line":21,"column":25},"end":{"line":21,"column":null}}},"fnMap":{"0":{"name":"BookFilter","decl":{"start":{"line":8,"column":24},"end":{"line":8,"column":35}},"loc":{"start":{"line":8,"column":58},"end":{"line":35,"column":null}},"line":8},"1":{"name":"(anonymous_1)","decl":{"start":{"line":18,"column":19},"end":{"line":18,"column":null}},"loc":{"start":{"line":19,"column":8},"end":{"line":31,"column":null}},"line":19},"2":{"name":"(anonymous_2)","decl":{"start":{"line":21,"column":19},"end":{"line":21,"column":25}},"loc":{"start":{"line":21,"column":25},"end":{"line":21,"column":null}},"line":21}},"branchMap":{"0":{"loc":{"start":{"line":24,"column":12},"end":{"line":26,"column":null}},"type":"cond-expr","locations":[{"start":{"line":25,"column":16},"end":{"line":25,"column":null}},{"start":{"line":26,"column":16},"end":{"line":26,"column":null}}],"line":24}},"s":{"0":14,"1":14,"2":56,"3":7},"f":{"0":14,"1":56,"2":7},"b":{"0":[14,42]},"meta":{"lastBranch":1,"lastFunction":3,"lastStatement":4,"seen":{"f:8:24:8:35":0,"s:9:18:14:Infinity":0,"s:16:2:33:Infinity":1,"f:18:19:18:Infinity":1,"s:19:8:31:Infinity":2,"f:21:19:21:25":2,"s:21:25:21:Infinity":3,"b:25:16:25:Infinity:26:16:26:Infinity":0}}}
,"D:\\SEMESTER 5\\pemrograman_web_itera_123140151\\pemrograman_web_itera_123140151\\hildyah_123140151_pertemuan3\\vite-project\\src\\components\\BookForm\\BookForm.jsx": {"path":"D:\\SEMESTER 5\\pemrograman_web_itera_123140151\\pemrograman_web_itera_123140151\\hildyah_123140151_pertemuan3\\vite-project\\src\\components\\BookForm\\BookForm.jsx","statementMap":{"0":{"start":{"line":5,"column":20},"end":{"line":5,"column":null}},"1":{"start":{"line":13,"column":30},"end":{"line":13,"column":null}},"2":{"start":{"line":14,"column":22},"end":{"line":14,"column":null}},"3":{"start":{"line":15,"column":26},"end":{"line":15,"column":null}},"4":{"start":{"line":18,"column":2},"end":{"line":29,"column":null}},"5":{"start":{"line":19,"column":4},"end":{"line":27,"column":null}},"6":{"start":{"line":20,"column":6},"end":{"line":24,"column":null}},"7":{"start":{"line":26,"column":6},"end":{"line":26,"column":null}},"8":{"start":{"line":28,"column":4},"end":{"line":28,"column":null}},"9":{"start":{"line":35,"column":19},"end":{"line":44,"column":null}},"10":{"start":{"line":36,"column":14},"end":{"line":36,"column":null}},"11":{"start":{"line":37,"column":4},"end":{"line":37,"column":null}},"12":{"start":{"line":37,"column":28},"end":{"line":37,"column":null}},"13":{"start":{"line":38,"column":4},"end":{"line":38,"column":null}},"14":{"start":{"line":38,"column":29},"end":{"line":38,"column":null}},"15":{"start":{"line":39,"column":4},"end":{"line":41,"column":null}},"16":{"start":{"line":40,"column":6},"end":{"line":40,"column":null}},"17":{"start":{"line":42,"column":4},"end":{"line":42,"column":null}},"18":{"start":{"line":43,"column":4},"end":{"line":43,"column":null}},"19":{"start":{"line":49,"column":23},"end":{"line":60,"column":null}},"20":{"start":{"line":50,"column":4},"end":{"line":50,"column":null}},"21":{"start":{"line":51,"column":4},"end":{"line":51,"column":null}},"22":{"start":{"line":51,"column":21},"end":{"line":51,"column":null}},"23":{"start":{"line":53,"column":4},"end":{"line":59,"column":null}},"24":{"start":{"line":54,"column":6},"end":{"line":54,"column":null}},"25":{"start":{"line":55,"column":6},"end":{"line":55,"column":null}},"26":{"start":{"line":57,"column":6},"end":{"line":57,"column":null}},"27":{"start":{"line":58,"column":6},"end":{"line":58,"column":null}},"28":{"start":{"line":63,"column":23},"end":{"line":67,"column":null}},"29":{"start":{"line":69,"column":2},"end":{"line":170,"column":null}},"30":{"start":{"line":99,"column":27},"end":{"line":99,"column":null}},"31":{"start":{"line":121,"column":27},"end":{"line":121,"column":null}},"32":{"start":{"line":142,"column":27},"end":{"line":142,"column":null}}},"fnMap":{"0":{"name":"BookForm","decl":{"start":{"line":12,"column":24},"end":{"line":12,"column":33}},"loc":{"start":{"line":12,"column":62},"end":{"line":172,"column":null}},"line":12},"1":{"name":"(anonymous_1)","decl":{"start":{"line":18,"column":12},"end":{"line":18,"column":18}},"loc":{"start":{"line":18,"column":18},"end":{"line":29,"column":5}},"line":18},"2":{"name":"(anonymous_2)","decl":{"start":{"line":35,"column":19},"end":{"line":35,"column":25}},"loc":{"start":{"line":35,"column":25},"end":{"line":44,"column":null}},"line":35},"3":{"name":"(anonymous_3)","decl":{"start":{"line":49,"column":23},"end":{"line":49,"column":24}},"loc":{"start":{"line":49,"column":31},"end":{"line":60,"column":null}},"line":49},"4":{"name":"(anonymous_4)","decl":{"start":{"line":99,"column":22},"end":{"line":99,"column":27}},"loc":{"start":{"line":99,"column":27},"end":{"line":99,"column":null}},"line":99},"5":{"name":"(anonymous_5)","decl":{"start":{"line":121,"column":22},"end":{"line":121,"column":27}},"loc":{"start":{"line":121,"column":27},"end":{"line":121,"column":null}},"line":121},"6":{"name":"(anonymous_6)","decl":{"start":{"line":142,"column":22},"end":{"line":142,"column":27}},"loc":{"start":{"line":142,"column":27},"end":{"line":142,"column":null}},"line":142}},"branchMap":{"0":{"loc":{"start":{"line":12,"column":35},"end":{"line":12,"column":52}},"type":"default-arg","locations":[{"start":{"line":12,"column":46},"end":{"line":12,"column":52}}],"line":12},"1":{"loc":{"start":{"line":19,"column":4},"end":{"line":27,"column":null}},"type":"if","locations":[{"start":{"line":19,"column":4},"end":{"line":27,"column":null}},{"start":{"line":25,"column":11},"end":{"line":27,"column":null}}],"line":19},"2":{"loc":{"start":{"line":37,"column":4},"end":{"line":37,"column":null}},"type":"if","locations":[{"start":{"line":37,"column":4},"end":{"line":37,"column":null}},{"start":{},"end":{}}],"line":37},"3":{"loc":{"start":{"line":38,"column":4},"end":{"line":38,"column":null}},"type":"if","locations":[{"start":{"line":38,"column":4},"end":{"line":38,"column":null}},{"start":{},"end":{}}],"line":38},"4":{"loc":{"start":{"line":39,"column":4},"end":{"line":41,"column":null}},"type":"if","locations":[{"start":{"line":39,"column":4},"end":{"line":41,"column":null}},{"start":{},"end":{}}],"line":39},"5":{"loc":{"start":{"line":51,"column":4},"end":{"line":51,"column":null}},"type":"if","locations":[{"start":{"line":51,"column":4},"end":{"line":51,"column":null}},{"start":{},"end":{}}],"line":51},"6":{"loc":{"start":{"line":53,"column":4},"end":{"line":59,"column":null}},"type":"if","locations":[{"start":{"line":53,"column":4},"end":{"line":59,"column":null}},{"start":{"line":56,"column":11},"end":{"line":59,"column":null}}],"line":53},"7":{"loc":{"start":{"line":74,"column":11},"end":{"line":74,"column":null}},"type":"cond-expr","locations":[{"start":{"line":74,"column":22},"end":{"line":74,"column":44}},{"start":{"line":74,"column":44},"end":{"line":74,"column":null}}],"line":74},"8":{"loc":{"start":{"line":75,"column":11},"end":{"line":75,"column":null}},"type":"cond-expr","locations":[{"start":{"line":75,"column":22},"end":{"line":75,"column":36}},{"start":{"line":75,"column":36},"end":{"line":75,"column":null}}],"line":75},"9":{"loc":{"start":{"line":77,"column":9},"end":{"line":84,"column":null}},"type":"binary-expr","locations":[{"start":{"line":77,"column":9},"end":{"line":77,"column":null}},{"start":{"line":78,"column":10},"end":{"line":84,"column":null}}],"line":77},"10":{"loc":{"start":{"line":102,"column":14},"end":{"line":102,"column":null}},"type":"cond-expr","locations":[{"start":{"line":102,"column":29},"end":{"line":102,"column":58}},{"start":{"line":102,"column":58},"end":{"line":102,"column":null}}],"line":102},"11":{"loc":{"start":{"line":105,"column":11},"end":{"line":108,"column":null}},"type":"binary-expr","locations":[{"start":{"line":105,"column":11},"end":{"line":105,"column":null}},{"start":{"line":106,"column":12},"end":{"line":108,"column":null}}],"line":105},"12":{"loc":{"start":{"line":124,"column":14},"end":{"line":124,"column":null}},"type":"cond-expr","locations":[{"start":{"line":124,"column":30},"end":{"line":124,"column":59}},{"start":{"line":124,"column":59},"end":{"line":124,"column":null}}],"line":124},"13":{"loc":{"start":{"line":127,"column":11},"end":{"line":130,"column":null}},"type":"binary-expr","locations":[{"start":{"line":127,"column":11},"end":{"line":127,"column":null}},{"start":{"line":128,"column":12},"end":{"line":130,"column":null}}],"line":127},"14":{"loc":{"start":{"line":157,"column":13},"end":{"line":157,"column":null}},"type":"cond-expr","locations":[{"start":{"line":157,"column":24},"end":{"line":157,"column":44}},{"start":{"line":157,"column":44},"end":{"line":157,"column":null}}],"line":157},"15":{"loc":{"start":{"line":159,"column":11},"end":{"line":166,"column":null}},"type":"binary-expr","locations":[{"start":{"line":159,"column":11},"end":{"line":159,"column":null}},{"start":{"line":160,"column":12},"end":{"line":166,"column":null}}],"line":159}},"s":{"0":1,"1":48,"2":48,"3":48,"4":48,"5":7,"6":2,"7":5,"8":7,"9":48,"10":3,"11":3,"12":1,"13":3,"14":2,"15":3,"16":0,"17":3,"18":3,"19":48,"20":3,"21":3,"22":2,"23":1,"24":0,"25":0,"26":1,"27":1,"28":48,"29":48,"30":18,"31":11,"32":2},"f":{"0":48,"1":7,"2":3,"3":3,"4":18,"5":11,"6":2},"b":{"0":[48],"1":[2,5],"2":[1,2],"3":[2,1],"4":[0,3],"5":[2,1],"6":[0,1],"7":[4,44],"8":[4,44],"9":[48,4],"10":[1,47],"11":[48,1],"12":[2,46],"13":[48,2],"14":[4,44],"15":[48,4]},"meta":{"lastBranch":16,"lastFunction":7,"lastStatement":33,"seen":{"s:5:20:5:Infinity":0,"f:12:24:12:33":0,"b:12:46:12:52":0,"s:13:30:13:Infinity":1,"s:14:22:14:Infinity":2,"s:15:26:15:Infinity":3,"s:18:2:29:Infinity":4,"f:18:12:18:18":1,"b:19:4:27:Infinity:25:11:27:Infinity":1,"s:19:4:27:Infinity":5,"s:20:6:24:Infinity":6,"s:26:6:26:Infinity":7,"s:28:4:28:Infinity":8,"s:35:19:44:Infinity":9,"f:35:19:35:25":2,"s:36:14:36:Infinity":10,"b:37:4:37:Infinity:undefined:undefined:undefined:undefined":2,"s:37:4:37:Infinity":11,"s:37:28:37:Infinity":12,"b:38:4:38:Infinity:undefined:undefined:undefined:undefined":3,"s:38:4:38:Infinity":13,"s:38:29:38:Infinity":14,"b:39:4:41:Infinity:undefined:undefined:undefined:undefined":4,"s:39:4:41:Infinity":15,"s:40:6:40:Infinity":16,"s:42:4:42:Infinity":17,"s:43:4:43:Infinity":18,"s:49:23:60:Infinity":19,"f:49:23:49:24":3,"s:50:4:50:Infinity":20,"b:51:4:51:Infinity:undefined:undefined:undefined:undefined":5,"s:51:4:51:Infinity":21,"s:51:21:51:Infinity":22,"b:53:4:59:Infinity:56:11:59:Infinity":6,"s:53:4:59:Infinity":23,"s:54:6:54:Infinity":24,"s:55:6:55:Infinity":25,"s:57:6:57:Infinity":26,"s:58:6:58:Infinity":27,"s:63:23:67:Infinity":28,"s:69:2:170:Infinity":29,"b:74:22:74:44:74:44:74:Infinity":7,"b:75:22:75:36:75:36:75:Infinity":8,"b:77:9:77:Infinity:78:10:84:Infinity":9,"f:99:22:99:27":4,"s:99:27:99:Infinity":30,"b:102:29:102:58:102:58:102:Infinity":10,"b:105:11:105:Infinity:106:12:108:Infinity":11,"f:121:22:121:27":5,"s:121:27:121:Infinity":31,"b:124:30:124:59:124:59:124:Infinity":12,"b:127:11:127:Infinity:128:12:130:Infinity":13,"f:142:22:142:27":6,"s:142:27:142:Infinity":32,"b:157:24:157:44:157:44:157:Infinity":14,"b:159:11:159:Infinity:160:12:166:Infinity":15}}}
,"D:\\SEMESTER 5\\pemrograman_web_itera_123140151\\pemrograman_web_itera_123140151\\hildyah_123140151_pertemuan3\\vite-project\\src\\components\\BookItem\\BookItem.jsx": {"path":"D:\\SEMESTER 5\\pemrograman_web_itera_123140151\\pemrograman_web_itera_123140151\\hildyah_123140151_pertemuan3\\vite-project\\src\\components\\BookItem\\BookItem.jsx","statementMap":{"0":{"start":{"line":11,"column":33},"end":{"line":11,"column":null}},"1":{"start":{"line":14,"column":23},"end":{"line":21,"column":null}},"2":{"start":{"line":15,"column":24},"end":{"line":19,"column":null}},"3":{"start":{"line":20,"column":4},"end":{"line":20,"column":null}},"4":{"start":{"line":24,"column":23},"end":{"line":43,"column":null}},"5":{"start":{"line":45,"column":17},"end":{"line":45,"column":null}},"6":{"start":{"line":47,"column":2},"end":{"line":96,"column":null}},"7":{"start":{"line":67,"column":27},"end":{"line":67,"column":null}},"8":{"start":{"line":84,"column":14},"end":{"line":86,"column":null}},"9":{"start":{"line":85,"column":16},"end":{"line":85,"column":null}}},"fnMap":{"0":{"name":"BookItem","decl":{"start":{"line":10,"column":24},"end":{"line":10,"column":33}},"loc":{"start":{"line":10,"column":51},"end":{"line":98,"column":null}},"line":10},"1":{"name":"(anonymous_1)","decl":{"start":{"line":14,"column":23},"end":{"line":14,"column":29}},"loc":{"start":{"line":14,"column":29},"end":{"line":21,"column":null}},"line":14},"2":{"name":"(anonymous_2)","decl":{"start":{"line":67,"column":21},"end":{"line":67,"column":27}},"loc":{"start":{"line":67,"column":27},"end":{"line":67,"column":null}},"line":67},"3":{"name":"(anonymous_3)","decl":{"start":{"line":83,"column":21},"end":{"line":83,"column":27}},"loc":{"start":{"line":83,"column":27},"end":{"line":87,"column":null}},"line":83}},"branchMap":{"0":{"loc":{"start":{"line":84,"column":14},"end":{"line":86,"column":null}},"type":"if","locations":[{"start":{"line":84,"column":14},"end":{"line":86,"column":null}},{"start":{},"end":{}}],"line":84}},"s":{"0":31,"1":31,"2":1,"3":1,"4":31,"5":31,"6":31,"7":1,"8":3,"9":2},"f":{"0":31,"1":1,"2":1,"3":3},"b":{"0":[2,1]},"meta":{"lastBranch":1,"lastFunction":4,"lastStatement":10,"seen":{"f:10:24:10:33":0,"s:11:33:11:Infinity":0,"s:14:23:21:Infinity":1,"f:14:23:14:29":1,"s:15:24:19:Infinity":2,"s:20:4:20:Infinity":3,"s:24:23:43:Infinity":4,"s:45:17:45:Infinity":5,"s:47:2:96:Infinity":6,"f:67:21:67:27":2,"s:67:27:67:Infinity":7,"f:83:21:83:27":3,"b:84:14:86:Infinity:undefined:undefined:undefined:undefined":0,"s:84:14:86:Infinity":8,"s:85:16:85:Infinity":9}}}
,"D:\\SEMESTER 5\\pemrograman_web_itera_123140151\\pemrograman_web_itera_123140151\\hildyah_123140151_pertemuan3\\vite-project\\src\\components\\BookList\\BookList.jsx": {"path":"D:\\SEMESTER 5\\pemrograman_web_itera_123140151\\pemrograman_web_itera_123140151\\hildyah_123140151_pertemuan3\\vite-project\\src\\components\\BookList\\BookList.jsx","statementMap":{"0":{"start":{"line":12,"column":2},"end":{"line":24,"column":null}},"1":{"start":{"line":13,"column":4},"end":{"line":22,"column":null}},"2":{"start":{"line":26,"column":2},"end":{"line":35,"column":null}},"3":{"start":{"line":29,"column":8},"end":{"line":33,"column":null}}},"fnMap":{"0":{"name":"BookList","decl":{"start":{"line":10,"column":24},"end":{"line":10,"column":33}},"loc":{"start":{"line":10,"column":52},"end":{"line":37,"column":null}},"line":10},"1":{"name":"(anonymous_1)","decl":{"start":{"line":28,"column":17},"end":{"line":28,"column":null}},"loc":{"start":{"line":29,"column":8},"end":{"line":33,"column":null}},"line":29}},"branchMap":{"0":{"loc":{"start":{"line":12,"column":2},"end":{"line":24,"column":null}},"type":"if","locations":[{"start":{"line":12,"column":2},"end":{"line":24,"column":null}},{"start":{},"end":{}}],"line":12},"1":{"loc":{"start":{"line":12,"column":6},"end":{"line":12,"column":36}},"type":"binary-expr","locations":[{"start":{"line":12,"column":6},"end":{"line":12,"column":16}},{"start":{"line":12,"column":16},"end":{"line":12,"column":36}}],"line":12},"2":{"loc":{"start":{"line":18,"column":11},"end":{"line":20,"column":null}},"type":"cond-expr","locations":[{"start":{"line":19,"column":14},"end":{"line":19,"column":null}},{"start":{"line":20,"column":14},"end":{"line":20,"column":null}}],"line":18},"3":{"loc":{"start":{"line":18,"column":11},"end":{"line":18,"column":null}},"type":"binary-expr","locations":[{"start":{"line":18,"column":11},"end":{"line":18,"column":29}},{"start":{"line":18,"column":29},"end":{"line":18,"column":null}}],"line":18}},"s":{"0":6,"1":2,"2":4,"3":12},"f":{"0":6,"1":12},"b":{"0":[2,4],"1":[6,5],"2":[2,0],"3":[2,1]},"meta":{"lastBranch":4,"lastFunction":2,"lastStatement":4,"seen":{"f:10:24:10:33":0,"b:12:2:24:Infinity:undefined:undefined:undefined:undefined":0,"s:12:2:24:Infinity":0,"b:12:6:12:16:12:16:12:36":1,"s:13:4:22:Infinity":1,"b:19:14:19:Infinity:20:14:20:Infinity":2,"b:18:11:18:29:18:29:18:Infinity":3,"s:26:2:35:Infinity":2,"f:28:17:28:Infinity":1,"s:29:8:33:Infinity":3}}}
,"D:\\SEMESTER 5\\pemrograman_web_itera_123140151\\pemrograman_web_itera_123140151\\hildyah_123140151_pertemuan3\\vite-project\\src\\components\\SearchBar\\SearchBar.jsx": {"path":"D:\\SEMESTER 5\\pemrograman_web_itera_123140151\\pemrograman_web_itera_123140151\\hildyah_123140151_pertemuan3\\vite-project\\src\\components\\SearchBar\\SearchBar.jsx","statementMap":{"0":{"start":{"line":10,"column":2},"end":{"line":24,"column":null}},"1":{"start":{"line":20,"column":25},"end":{"line":20,"column":null}}},"fnMap":{"0":{"name":"SearchBar","decl":{"start":{"line":9,"column":24},"end":{"line":9,"column":34}},"loc":{"start":{"line":9,"column":55},"end":{"line":26,"column":null}},"line":9},"1":{"name":"(anonymous_1)","decl":{"start":{"line":20,"column":18},"end":{"line":20,"column":19}},"loc":{"start":{"line":20,"column":25},"end":{"line":20,"column":null}},"line":20}},"branchMap":{},"s":{"0":8,"1":13},"f":{"0":8,"1":13},"b":{},"meta":{"lastBranch":0,"lastFunction":2,"lastStatement":2,"seen":{"f:9:24:9:34":0,"s:10:2:24:Infinity":0,"f:20:18:20:19":1,"s:20:25:20:Infinity":1}}}
,"D:\\SEMESTER 5\\pemrograman_web_itera_123140151\\pemrograman_web_itera_123140151\\hildyah_123140151_pertemuan3\\vite-project\\src\\context\\BookContext.jsx": {"path":"D:\\SEMESTER 5\\pemrograman_web_itera_123140151\\pemrograman_web_itera_123140151\\hildyah_123140151_pertemuan3\\vite-project\\src\\context\\BookContext.jsx","statementMap":{"0":{"start":{"line":5,"column":6},"end":{"line":5,"column":null}},"1":{"start":{"line":8,"column":24},"end":{"line":13,"column":null}},"2":{"start":{"line":19,"column":18},"end":{"line":21,"column":null}},"3":{"start":{"line":20,"column":4},"end":{"line":20,"column":null}},"4":{"start":{"line":20,"column":21},"end":{"line":20,"column":57}},"5":{"start":{"line":28,"column":21},"end":{"line":30,"column":null}},"6":{"start":{"line":29,"column":4},"end":{"line":29,"column":null}},"7":{"start":{"line":29,"column":21},"end":{"line":29,"column":76}},"8":{"start":{"line":29,"column":36},"end":{"line":29,"column":75}},"9":{"start":{"line":36,"column":21},"end":{"line":38,"column":null}},"10":{"start":{"line":37,"column":4},"end":{"line":37,"column":null}},"11":{"start":{"line":37,"column":21},"end":{"line":37,"column":50}},"12":{"start":{"line":37,"column":38},"end":{"line":37,"column":49}},"13":{"start":{"line":40,"column":2},"end":{"line":43,"column":null}},"14":{"start":{"line":52,"column":8},"end":{"line":52,"column":null}},"15":{"start":{"line":53,"column":2},"end":{"line":53,"column":null}},"16":{"start":{"line":53,"column":12},"end":{"line":53,"column":null}},"17":{"start":{"line":54,"column":2},"end":{"line":54,"column":null}}},"fnMap":{"0":{"name":"BookProvider","decl":{"start":{"line":7,"column":16},"end":{"line":7,"column":29}},"loc":{"start":{"line":7,"column":43},"end":{"line":45,"column":null}},"line":7},"1":{"name":"(anonymous_1)","decl":{"start":{"line":19,"column":18},"end":{"line":19,"column":19}},"loc":{"start":{"line":19,"column":28},"end":{"line":21,"column":null}},"line":19},"2":{"name":"(anonymous_2)","decl":{"start":{"line":20,"column":13},"end":{"line":20,"column":21}},"loc":{"start":{"line":20,"column":21},"end":{"line":20,"column":57}},"line":20},"3":{"name":"(anonymous_3)","decl":{"start":{"line":28,"column":21},"end":{"line":28,"column":22}},"loc":{"start":{"line":28,"column":38},"end":{"line":30,"column":null}},"line":28},"4":{"name":"(anonymous_4)","decl":{"start":{"line":29,"column":13},"end":{"line":29,"column":21}},"loc":{"start":{"line":29,"column":21},"end":{"line":29,"column":76}},"line":29},"5":{"name":"(anonymous_5)","decl":{"start":{"line":29,"column":30},"end":{"line":29,"column":36}},"loc":{"start":{"line":29,"column":36},"end":{"line":29,"column":75}},"line":29},"6":{"name":"(anonymous_6)","decl":{"start":{"line":36,"column":21},"end":{"line":36,"column":22}},"loc":{"start":{"line":36,"column":29},"end":{"line":38,"column":null}},"line":36},"7":{"name":"(anonymous_7)","decl":{"start":{"line":37,"column":13},"end":{"line":37,"column":21}},"loc":{"start":{"line":37,"column":21},"end":{"line":37,"column":50}},"line":37},"8":{"name":"(anonymous_8)","decl":{"start":{"line":37,"column":33},"end":{"line":37,"column":38}},"loc":{"start":{"line":37,"column":38},"end":{"line":37,"column":49}},"line":37},"9":{"name":"useBooks","decl":{"start":{"line":51,"column":16},"end":{"line":51,"column":27}},"loc":{"start":{"line":51,"column":27},"end":{"line":55,"column":null}},"line":51}},"branchMap":{"0":{"loc":{"start":{"line":29,"column":36},"end":{"line":29,"column":75}},"type":"cond-expr","locations":[{"start":{"line":29,"column":50},"end":{"line":29,"column":73}},{"start":{"line":29,"column":73},"end":{"line":29,"column":75}}],"line":29},"1":{"loc":{"start":{"line":53,"column":2},"end":{"line":53,"column":null}},"type":"if","locations":[{"start":{"line":53,"column":2},"end":{"line":53,"column":null}},{"start":{},"end":{}}],"line":53}},"s":{"0":4,"1":40,"2":40,"3":2,"4":2,"5":40,"6":2,"7":2,"8":6,"9":40,"10":3,"11":3,"12":9,"13":40,"14":88,"15":88,"16":2,"17":86},"f":{"0":40,"1":2,"2":2,"3":2,"4":2,"5":6,"6":3,"7":3,"8":9,"9":88},"b":{"0":[1,5],"1":[2,86]},"meta":{"lastBranch":2,"lastFunction":10,"lastStatement":18,"seen":{"s:5:6:5:Infinity":0,"f:7:16:7:29":0,"s:8:24:13:Infinity":1,"s:19:18:21:Infinity":2,"f:19:18:19:19":1,"s:20:4:20:Infinity":3,"f:20:13:20:21":2,"s:20:21:20:57":4,"s:28:21:30:Infinity":5,"f:28:21:28:22":3,"s:29:4:29:Infinity":6,"f:29:13:29:21":4,"s:29:21:29:76":7,"f:29:30:29:36":5,"s:29:36:29:75":8,"b:29:50:29:73:29:73:29:75":0,"s:36:21:38:Infinity":9,"f:36:21:36:22":6,"s:37:4:37:Infinity":10,"f:37:13:37:21":7,"s:37:21:37:50":11,"f:37:33:37:38":8,"s:37:38:37:49":12,"s:40:2:43:Infinity":13,"f:51:16:51:27":9,"s:52:8:52:Infinity":14,"b:53:2:53:Infinity:undefined:undefined:undefined:undefined":1,"s:53:2:53:Infinity":15,"s:53:12:53:Infinity":16,"s:54:2:54:Infinity":17}}}
,"D:\\SEMESTER 5\\pemrograman_web_itera_123140151\\pemrograman_web_itera_123140151\\hildyah_123140151_pertemuan3\\vite-project\\src\\hooks\\useBookStats.js": {"path":"D:\\SEMESTER 5\\pemrograman_web_itera_123140151\\pemrograman_web_itera_123140151\\hildyah_123140151_pertemuan3\\vite-project\\src\\hooks\\useBookStats.js","statementMap":{"0":{"start":{"line":10,"column":2},"end":{"line":22,"column":13}},"1":{"start":{"line":11,"column":18},"end":{"line":11,"column":30}},"2":{"start":{"line":12,"column":16},"end":{"line":12,"column":60}},"3":{"start":{"line":12,"column":34},"end":{"line":12,"column":52}},"4":{"start":{"line":13,"column":20},"end":{"line":13,"column":68}},"5":{"start":{"line":13,"column":38},"end":{"line":13,"column":60}},"6":{"start":{"line":14,"column":18},"end":{"line":14,"column":65}},"7":{"start":{"line":14,"column":36},"end":{"line":14,"column":57}},"8":{"start":{"line":16,"column":4},"end":{"line":21,"column":5}}},"fnMap":{"0":{"name":"useBookStats","decl":{"start":{"line":9,"column":24},"end":{"line":9,"column":36}},"loc":{"start":{"line":9,"column":44},"end":{"line":23,"column":null}},"line":9},"1":{"name":"(anonymous_1)","decl":{"start":{"line":10,"column":17},"end":{"line":10,"column":18}},"loc":{"start":{"line":10,"column":23},"end":{"line":22,"column":3}},"line":10},"2":{"name":"(anonymous_2)","decl":{"start":{"line":12,"column":29},"end":{"line":12,"column":30}},"loc":{"start":{"line":12,"column":34},"end":{"line":12,"column":52}},"line":12},"3":{"name":"(anonymous_3)","decl":{"start":{"line":13,"column":33},"end":{"line":13,"column":34}},"loc":{"start":{"line":13,"column":38},"end":{"line":13,"column":60}},"line":13},"4":{"name":"(anonymous_4)","decl":{"start":{"line":14,"column":31},"end":{"line":14,"column":32}},"loc":{"start":{"line":14,"column":36},"end":{"line":14,"column":57}},"line":14}},"branchMap":{},"s":{"0":13,"1":11,"2":11,"3":119,"4":11,"5":119,"6":11,"7":119,"8":11},"f":{"0":13,"1":11,"2":119,"3":119,"4":119},"b":{},"meta":{"lastBranch":0,"lastFunction":5,"lastStatement":9,"seen":{"f:9:24:9:36":0,"s:10:2:22:13":0,"f:10:17:10:18":1,"s:11:18:11:30":1,"s:12:16:12:60":2,"f:12:29:12:30":2,"s:12:34:12:52":3,"s:13:20:13:68":4,"f:13:33:13:34":3,"s:13:38:13:60":5,"s:14:18:14:65":6,"f:14:31:14:32":4,"s:14:36:14:57":7,"s:16:4:21:5":8}}}
,"D:\\SEMESTER 5\\pemrograman_web_itera_123140151\\pemrograman_web_itera_123140151\\hildyah_123140151_pertemuan3\\vite-project\\src\\hooks\\useLocalStorage.js": {"path":"D:\\SEMESTER 5\\pemrograman_web_itera_123140151\\pemrograman_web_itera_123140151\\hildyah_123140151_pertemuan3\\vite-project\\src\\hooks\\useLocalStorage.js","statementMap":{"0":{"start":{"line":11,"column":27},"end":{"line":19,"column":4}},"1":{"start":{"line":12,"column":4},"end":{"line":18,"column":5}},"2":{"start":{"line":13,"column":18},"end":{"line":13,"column":43}},"3":{"start":{"line":14,"column":6},"end":{"line":14,"column":49}},"4":{"start":{"line":16,"column":6},"end":{"line":16,"column":64}},"5":{"start":{"line":17,"column":6},"end":{"line":17,"column":25}},"6":{"start":{"line":22,"column":1},"end":{"line":28,"column":18}},"7":{"start":{"line":23,"column":4},"end":{"line":27,"column":5}},"8":{"start":{"line":24,"column":6},"end":{"line":24,"column":54}},"9":{"start":{"line":26,"column":6},"end":{"line":26,"column":58}},"10":{"start":{"line":30,"column":2},"end":{"line":30,"column":26}}},"fnMap":{"0":{"name":"useLocalStorage","decl":{"start":{"line":9,"column":24},"end":{"line":9,"column":39}},"loc":{"start":{"line":9,"column":59},"end":{"line":31,"column":null}},"line":9},"1":{"name":"(anonymous_1)","decl":{"start":{"line":11,"column":37},"end":{"line":11,"column":38}},"loc":{"start":{"line":11,"column":43},"end":{"line":19,"column":3}},"line":11},"2":{"name":"(anonymous_2)","decl":{"start":{"line":22,"column":12},"end":{"line":22,"column":13}},"loc":{"start":{"line":22,"column":18},"end":{"line":28,"column":3}},"line":22}},"branchMap":{"0":{"loc":{"start":{"line":14,"column":13},"end":{"line":14,"column":49}},"type":"cond-expr","locations":[{"start":{"line":14,"column":19},"end":{"line":14,"column":34}},{"start":{"line":14,"column":37},"end":{"line":14,"column":49}}],"line":14}},"s":{"0":49,"1":37,"2":37,"3":37,"4":1,"5":1,"6":49,"7":47,"8":47,"9":0,"10":49},"f":{"0":49,"1":37,"2":47},"b":{"0":[2,35]},"meta":{"lastBranch":1,"lastFunction":3,"lastStatement":11,"seen":{"f:9:24:9:39":0,"s:11:27:19:4":0,"f:11:37:11:38":1,"s:12:4:18:5":1,"s:13:18:13:43":2,"s:14:6:14:49":3,"b:14:19:14:34:14:37:14:49":0,"s:16:6:16:64":4,"s:17:6:17:25":5,"s:22:1:28:18":6,"f:22:12:22:13":2,"s:23:4:27:5":7,"s:24:6:24:54":8,"s:26:6:26:58":9,"s:30:2:30:26":10}}}
}
